<?xml version="1.0" encoding="UTF-8"?>
<!-- Generated by org.testng.reporters.JUnitXMLReporter -->
<testsuite ignored="0" hostname="DESKTOP-FJ3LEFB" failures="0" tests="4" name="Surefire test" time="35.346" errors="0" timestamp="2025-04-08T02:12:54 BST">
  <testcase classname="com.hk.automation.test.LoginTest" name="login" time="3.737"/>
  <testcase classname="com.hk.automation.test.LoginTest" name="login" time="11.95"/>
  <testcase classname="com.hk.automation.test.Test2" name="TestTwo" time="0.004"/>
  <testcase classname="com.hk.automation.test.Test3" name="TestThree" time="0.001"/>
</testsuite> <!-- Surefire test -->
