<?xml version="1.0" encoding="UTF-8"?>
<testng-results ignored="0" total="4" passed="4" failed="0" skipped="0">
  <reporter-output>
  </reporter-output>
  <suite started-at="2025-04-08T02:12:19 BST" name="Surefire suite" finished-at="2025-04-08T02:12:54 BST" duration-ms="35346">
    <groups>
    </groups>
    <test started-at="2025-04-08T02:12:19 BST" name="Surefire test" finished-at="2025-04-08T02:12:54 BST" duration-ms="35346">
      <class name="com.hk.automation.test.LoginTest">
        <test-method is-config="true" signature="openApplication()[pri:0, instance:com.hk.automation.test.LoginTest@72a7c7e0]" started-at="2025-04-08T02:12:19 BST" name="openApplication" finished-at="2025-04-08T02:12:23 BST" duration-ms="3614" status="PASS">
          <reporter-output>
          </reporter-output>
        </test-method> <!-- openApplication -->
        <test-method signature="login(java.lang.String,java.lang.String,java.lang.String)[pri:0, instance:com.hk.automation.test.LoginTest@72a7c7e0]" started-at="2025-04-08T02:12:23 BST" name="login" data-provider="getLoginData" finished-at="2025-04-08T02:12:26 BST" duration-ms="3737" status="PASS">
          <params>
            <param index="0">
              <value>
                <![CDATA[testertest@email.com]]>
              </value>
            </param>
            <param index="1">
              <value>
                <![CDATA[test123]]>
              </value>
            </param>
            <param index="2">
              <value>
                <![CDATA[Success]]>
              </value>
            </param>
          </params>
          <reporter-output>
          </reporter-output>
        </test-method> <!-- login -->
        <test-method is-config="true" signature="tearDown()[pri:0, instance:com.hk.automation.test.LoginTest@72a7c7e0]" started-at="2025-04-08T02:12:26 BST" name="tearDown" finished-at="2025-04-08T02:12:26 BST" duration-ms="167" status="PASS">
          <reporter-output>
          </reporter-output>
        </test-method> <!-- tearDown -->
        <test-method is-config="true" signature="openApplication()[pri:0, instance:com.hk.automation.test.LoginTest@72a7c7e0]" started-at="2025-04-08T02:12:26 BST" name="openApplication" finished-at="2025-04-08T02:12:42 BST" duration-ms="15637" status="PASS">
          <reporter-output>
          </reporter-output>
        </test-method> <!-- openApplication -->
        <test-method signature="login(java.lang.String,java.lang.String,java.lang.String)[pri:0, instance:com.hk.automation.test.LoginTest@72a7c7e0]" started-at="2025-04-08T02:12:42 BST" name="login" data-provider="getLoginData" finished-at="2025-04-08T02:12:54 BST" duration-ms="11950" status="PASS">
          <params>
            <param index="0">
              <value>
                <![CDATA[testertest@email.com]]>
              </value>
            </param>
            <param index="1">
              <value>
                <![CDATA[test342]]>
              </value>
            </param>
            <param index="2">
              <value>
                <![CDATA[Failure]]>
              </value>
            </param>
          </params>
          <reporter-output>
          </reporter-output>
        </test-method> <!-- login -->
        <test-method is-config="true" signature="tearDown()[pri:0, instance:com.hk.automation.test.LoginTest@72a7c7e0]" started-at="2025-04-08T02:12:54 BST" name="tearDown" finished-at="2025-04-08T02:12:54 BST" duration-ms="158" status="PASS">
          <reporter-output>
          </reporter-output>
        </test-method> <!-- tearDown -->
      </class> <!-- com.hk.automation.test.LoginTest -->
      <class name="com.hk.automation.test.Test2">
        <test-method signature="TestTwo()[pri:0, instance:com.hk.automation.test.Test2@2c767a52]" started-at="2025-04-08T02:12:54 BST" name="TestTwo" finished-at="2025-04-08T02:12:54 BST" duration-ms="4" status="PASS">
          <reporter-output>
          </reporter-output>
        </test-method> <!-- TestTwo -->
      </class> <!-- com.hk.automation.test.Test2 -->
      <class name="com.hk.automation.test.Test3">
        <test-method signature="TestThree()[pri:0, instance:com.hk.automation.test.Test3@619713e5]" started-at="2025-04-08T02:12:54 BST" name="TestThree" finished-at="2025-04-08T02:12:54 BST" duration-ms="1" status="PASS">
          <reporter-output>
          </reporter-output>
        </test-method> <!-- TestThree -->
      </class> <!-- com.hk.automation.test.Test3 -->
    </test> <!-- Surefire test -->
  </suite> <!-- Surefire suite -->
</testng-results>
